{
  "0 debug pnpm:scope": {
    "selected": 1
  },
  "1 debug pnpm:package-manifest": {
    "initial": {
      "name": "yashverma.me",
      "version": "0.0.1",
      "scripts": {
        "dev": "vite dev",
        "build": "vite build",
        "preview": "vite preview",
        "check": "svelte-kit sync && svelte-check --tsconfig ./tsconfig.json",
        "check:watch": "svelte-kit sync && svelte-check --tsconfig ./tsconfig.json --watch"
      },
      "devDependencies": {
        "@neoconfetti/svelte": "^1.0.0",
        "@sveltejs/adapter-auto": "^2.0.0",
        "@sveltejs/kit": "^1.5.0",
        "@tailwindcss/typography": "^0.5.9",
        "@tsconfig/svelte": "^4.0.1",
        "@types/cookie": "^0.5.1",
        "autoprefixer": "^10.4.14",
        "postcss": "^8.4.21",
        "svelte": "^3.54.0",
        "svelte-check": "^3.0.1",
        "tailwind-scrollbar": "^3.0.0",
        "tailwindcss": "^3.2.7",
        "tslib": "^2.4.1",
        "typescript": "^5.0.0",
        "vite": "^4.2.0"
      },
      "type": "module",
      "dependencies": {
        "@giscus/svelte": "^2.2.8",
        "@types/marked": "^4.0.8",
        "giscus": "^1.2.8",
        "highlight.js": "^11.7.0",
        "rehype-autolink-headings": "^6.1.1",
        "rehype-code-titles": "^1.2.0",
        "rehype-document": "^6.1.0",
        "rehype-format": "^4.0.1",
        "rehype-highlight": "^6.0.0",
        "rehype-stringify": "^9.0.3",
        "remark-embed": "^1.3.1",
        "remark-gfm": "^3.0.1",
        "remark-parse": "^10.0.1",
        "remark-rehype": "^10.1.0",
        "sk-lanyard": "^0.1.7",
        "unified": "^10.1.2"
      }
    },
    "prefix": "/Users/balkrishnaverma/Documents/yash/yashverma.me"
  },
  "2 debug pnpm:context": {
    "currentLockfileExists": false,
    "storeDir": "/Users/balkrishnaverma/Library/pnpm/store/v3",
    "virtualStoreDir": "/Users/balkrishnaverma/Documents/yash/yashverma.me/node_modules/.pnpm"
  },
  "3 info pnpm": {
    "message": "Lockfile is up-to-date, resolution step is skipped",
    "prefix": "/Users/balkrishnaverma/Documents/yash/yashverma.me"
  },
  "4 debug pnpm:stats": {
    "prefix": "/Users/balkrishnaverma/Documents/yash/yashverma.me",
    "removed": 0
  },
  "5 debug pnpm:stage": {
    "prefix": "/Users/balkrishnaverma/Documents/yash/yashverma.me",
    "stage": "importing_started"
  },
  "6 warn pnpm:install-check": {
    "message": "Unsupported engine for /rehype-code-titles/1.2.0: wanted: {\"node\":\">=16\"} (current: {\"node\":\"v14.18.3\",\"pnpm\":\"7.3.0\"})",
    "prefix": "/Users/balkrishnaverma/Documents/yash/yashverma.me"
  },
  "7 error pnpm": {
    "code": "ERR_PNPM_UNSUPPORTED_ENGINE",
    "packageId": "/rehype-code-titles/1.2.0",
    "wanted": {
      "node": ">=16"
    },
    "current": {
      "node": "v14.18.3",
      "pnpm": "7.3.0"
    },
    "err": {
      "name": "pnpm",
      "message": "Unsupported engine for /rehype-code-titles/1.2.0: wanted: {\"node\":\">=16\"} (current: {\"node\":\"v14.18.3\",\"pnpm\":\"7.3.0\"})",
      "code": "ERR_PNPM_UNSUPPORTED_ENGINE",
      "stack": "pnpm: Unsupported engine for /rehype-code-titles/1.2.0: wanted: {\"node\":\">=16\"} (current: {\"node\":\"v14.18.3\",\"pnpm\":\"7.3.0\"})\n    at checkEngine (/Users/balkrishnaverma/.nvm/versions/node/v14.18.3/lib/node_modules/pnpm/dist/pnpm.cjs:43096:16)\n    at checkPackage (/Users/balkrishnaverma/.nvm/versions/node/v14.18.3/lib/node_modules/pnpm/dist/pnpm.cjs:43679:74)\n    at packageIsInstallable (/Users/balkrishnaverma/.nvm/versions/node/v14.18.3/lib/node_modules/pnpm/dist/pnpm.cjs:43649:20)\n    at pkgAllDeps (/Users/balkrishnaverma/.nvm/versions/node/v14.18.3/lib/node_modules/pnpm/dist/pnpm.cjs:111491:98)\n    at pickPkgsWithAllDeps (/Users/balkrishnaverma/.nvm/versions/node/v14.18.3/lib/node_modules/pnpm/dist/pnpm.cjs:111462:7)\n    at filterByImportersAndEngine (/Users/balkrishnaverma/.nvm/versions/node/v14.18.3/lib/node_modules/pnpm/dist/pnpm.cjs:111432:52)\n    at exports2.default (/Users/balkrishnaverma/.nvm/versions/node/v14.18.3/lib/node_modules/pnpm/dist/pnpm.cjs:116330:89)\n    at async _install (/Users/balkrishnaverma/.nvm/versions/node/v14.18.3/lib/node_modules/pnpm/dist/pnpm.cjs:121705:15)\n    at async mutateModules (/Users/balkrishnaverma/.nvm/versions/node/v14.18.3/lib/node_modules/pnpm/dist/pnpm.cjs:121640:23)\n    at async install (/Users/balkrishnaverma/.nvm/versions/node/v14.18.3/lib/node_modules/pnpm/dist/pnpm.cjs:121598:24)"
    }
  }
}